/usr/bin/bash: /home/rachel/miniconda3/lib/libtinfo.so.6: no version information available (required by /usr/bin/bash)
.
----------------------------------------------------------------------
Ran 1 test in 64.667s

OK

Navigating to 'Extras' tab...
✅ Clicked on 'Extras' tab.
Navigating to 'Batch from Directory' tab...
✅ Clicked on 'Batch from Directory' tab.
Entering input and output directories via CSS selectors...
✅ Successfully entered input directory: /home/rachel/ML-testing-dev/baselines/../result/netdiffusion/preprocessed_fine_tune_imgs
✅ Successfully entered output directory: /home/rachel/ML-testing-dev/baselines/fine_tune/kohya_ss_fork/model_training/test/image/15_network
Setting scale dimensions...
✅ Clicked on the 'Scale to' tab using JavaScript.
✅ Successfully set width to 816 using JavaScript.
✅ Successfully set height to 768 using JavaScript.
Enabling 'Caption' checkbox...
✅ Enabled the 'Caption' checkbox.
Clicking the 'Generate' button...
✅ Clicked the 'Generate' button.
Waiting for the batch process to complete...
✅ Batch process completed.

